[0m12:49:28.901157 [debug] [MainThread]: Sending event: {'category': 'dbt', 'action': 'invocation', 'label': 'start', 'context': [<snowplow_tracker.self_describing_json.SelfDescribingJson object at 0x000002588753AB40>, <snowplow_tracker.self_describing_json.SelfDescribingJson object at 0x0000025884750170>, <snowplow_tracker.self_describing_json.SelfDescribingJson object at 0x00000258861B7DD0>]}


============================== 12:49:28.983060 | e2d048b3-0d4a-49a1-bc4b-fe7d86233651 ==============================
[0m12:49:28.983060 [info ] [MainThread]: Running with dbt=1.11.2
[0m12:49:28.983060 [debug] [MainThread]: running dbt with arguments {'static_parser': 'True', 'no_print': 'None', 'version_check': 'True', 'warn_error_options': 'WarnErrorOptionsV2(error=[], warn=[], silence=[])', 'target_path': 'None', 'printer_width': '80', 'write_json': 'True', 'introspect': 'True', 'log_cache_events': 'False', 'empty': 'None', 'cache_selected_only': 'False', 'fail_fast': 'False', 'debug': 'False', 'log_format': 'default', 'profiles_dir': 'C:\\Users\\deend\\.dbt', 'send_anonymous_usage_stats': 'True', 'quiet': 'False', 'warn_error': 'None', 'partial_parse': 'True', 'indirect_selection': 'eager', 'use_colors': 'True', 'invocation_command': 'dbt init', 'use_experimental_parser': 'False', 'log_path': 'logs'}
[0m12:49:29.185538 [info ] [MainThread]: Creating dbt configuration folder at C:\Users\deend\.dbt
[0m12:49:39.128719 [debug] [MainThread]: Starter project path: C:\Users\deend\Desktop\projects\AWS\.venv\Lib\site-packages\dbt\include\starter_project
[0m12:49:39.232360 [info ] [MainThread]: 
Your new dbt project "aws_dbt_snowflake" was created!

For more information on how to configure the profiles.yml file,
please consult the dbt documentation here:

  https://docs.getdbt.com/docs/configure-your-profile

One more thing:

Need help? Don't hesitate to reach out to us via GitHub issues or on Slack:

  https://community.getdbt.com/

Happy modeling!

[0m12:49:39.232360 [info ] [MainThread]: Setting up your profile.
[0m13:04:32.336352 [debug] [MainThread]: Snowflake adapter: Setting snowflake.connector to ERROR (file logging only)
[0m13:04:32.336352 [debug] [MainThread]: Snowflake adapter: Setting botocore to ERROR (file logging only)
[0m13:04:32.336352 [debug] [MainThread]: Snowflake adapter: Setting boto3 to ERROR (file logging only)
[0m13:09:51.851640 [info ] [MainThread]: Profile aws_dbt_snowflake written to C:\Users\deend\.dbt\profiles.yml using target's profile_template.yml and your supplied values. Run 'dbt debug' to validate the connection.
[0m13:09:51.865184 [debug] [MainThread]: Command `dbt init` succeeded at 13:09:51.865184 after 1223.38 seconds
[0m13:09:51.868198 [debug] [MainThread]: Sending event: {'category': 'dbt', 'action': 'invocation', 'label': 'end', 'context': [<snowplow_tracker.self_describing_json.SelfDescribingJson object at 0x000002588783EAB0>, <snowplow_tracker.self_describing_json.SelfDescribingJson object at 0x0000025889459E80>, <snowplow_tracker.self_describing_json.SelfDescribingJson object at 0x0000025889230440>]}
[0m13:09:51.870414 [debug] [MainThread]: Flushing usage events
[0m13:09:53.398205 [debug] [MainThread]: An error was encountered while trying to flush usage events
[0m19:40:53.256159 [debug] [MainThread]: Got an exception trying to initialize tracking


============================== 19:40:53.414109 | 8085f86d-2f55-4b8e-97f1-eab6c9c45c33 ==============================
[0m19:40:53.414109 [info ] [MainThread]: Running with dbt=1.11.2
[0m19:40:53.414109 [debug] [MainThread]: running dbt with arguments {'static_parser': 'True', 'no_print': 'None', 'version_check': 'True', 'target_path': 'None', 'warn_error_options': 'WarnErrorOptionsV2(error=[], warn=[], silence=[])', 'printer_width': '80', 'write_json': 'True', 'introspect': 'True', 'log_cache_events': 'False', 'empty': 'False', 'cache_selected_only': 'False', 'log_format': 'default', 'debug': 'False', 'fail_fast': 'False', 'partial_parse': 'True', 'send_anonymous_usage_stats': 'True', 'quiet': 'False', 'warn_error': 'None', 'profiles_dir': 'C:\\Users\\deend\\.dbt', 'use_colors': 'True', 'indirect_selection': 'eager', 'invocation_command': 'dbt run --select models/demo', 'use_experimental_parser': 'False', 'log_path': 'logs'}
[0m19:40:53.414109 [error] [MainThread]: Encountered an error:
Runtime Error
  No dbt_project.yml found at expected path C:\Users\deend\Desktop\projects\AWS\dbt_project.yml
  Verify that each entry within packages.yml (and their transitive dependencies) contains a file named dbt_project.yml
  
[0m19:40:53.414109 [debug] [MainThread]: Command `dbt run` failed at 19:40:53.414109 after 0.26 seconds
[0m19:40:53.414109 [debug] [MainThread]: Flushing usage events
[0m14:26:42.850078 [debug] [MainThread]: Got an exception trying to initialize tracking


============================== 14:26:43.058016 | 874dbe80-9c15-4f14-b1cd-4103c914b9ed ==============================
[0m14:26:43.058016 [info ] [MainThread]: Running with dbt=1.11.2
[0m14:26:43.058016 [debug] [MainThread]: running dbt with arguments {'version_check': 'True', 'no_print': 'None', 'static_parser': 'True', 'target_path': 'None', 'warn_error_options': 'WarnErrorOptionsV2(error=[], warn=[], silence=[])', 'printer_width': '80', 'write_json': 'True', 'introspect': 'True', 'log_cache_events': 'False', 'empty': 'None', 'cache_selected_only': 'False', 'log_format': 'default', 'debug': 'False', 'fail_fast': 'False', 'partial_parse': 'True', 'send_anonymous_usage_stats': 'True', 'quiet': 'False', 'warn_error': 'None', 'profiles_dir': 'C:\\Users\\deend\\.dbt', 'indirect_selection': 'eager', 'invocation_command': 'dbt debug', 'use_colors': 'True', 'use_experimental_parser': 'False', 'log_path': 'logs'}
[0m14:26:43.201200 [info ] [MainThread]: dbt version: 1.11.2
[0m14:26:43.201200 [info ] [MainThread]: python version: 3.12.12
[0m14:26:43.201200 [info ] [MainThread]: python path: C:\Users\deend\Desktop\projects\AWS\.venv\Scripts\python.exe
[0m14:26:43.201200 [info ] [MainThread]: os info: Windows-11-10.0.26200-SP0
[0m14:26:43.576801 [debug] [MainThread]: Snowflake adapter: Setting snowflake.connector to ERROR (file logging only)
[0m14:26:43.577991 [debug] [MainThread]: Snowflake adapter: Setting botocore to ERROR (file logging only)
[0m14:26:43.577991 [debug] [MainThread]: Snowflake adapter: Setting boto3 to ERROR (file logging only)
[0m14:26:43.668755 [info ] [MainThread]: Using profiles dir at C:\Users\deend\.dbt
[0m14:26:43.668755 [info ] [MainThread]: Using profiles.yml file at C:\Users\deend\.dbt\profiles.yml
[0m14:26:43.672397 [info ] [MainThread]: Using dbt_project.yml file at C:\Users\deend\Desktop\projects\AWS\dbt_project.yml
[0m14:26:43.672397 [info ] [MainThread]: adapter type: snowflake
[0m14:26:43.672397 [info ] [MainThread]: adapter version: 1.11.0
[0m14:26:43.672397 [info ] [MainThread]: Configuration:
[0m14:26:43.672397 [info ] [MainThread]:   profiles.yml file [[32mOK found and valid[0m]
[0m14:26:43.672397 [info ] [MainThread]:   dbt_project.yml file [[31mERROR not found[0m]
[0m14:26:43.677666 [info ] [MainThread]: Required dependencies:
[0m14:26:43.678718 [debug] [MainThread]: Executing "git --help"
[0m14:26:43.774719 [debug] [MainThread]: STDOUT: "b"usage: git [-v | --version] [-h | --help] [-C <path>] [-c <name>=<value>]\n           [--exec-path[=<path>]] [--html-path] [--man-path] [--info-path]\n           [-p | --paginate | -P | --no-pager] [--no-replace-objects] [--no-lazy-fetch]\n           [--no-optional-locks] [--no-advice] [--bare] [--git-dir=<path>]\n           [--work-tree=<path>] [--namespace=<name>] [--config-env=<name>=<envvar>]\n           <command> [<args>]\n\nThese are common Git commands used in various situations:\n\nstart a working area (see also: git help tutorial)\n   clone      Clone a repository into a new directory\n   init       Create an empty Git repository or reinitialize an existing one\n\nwork on the current change (see also: git help everyday)\n   add        Add file contents to the index\n   mv         Move or rename a file, a directory, or a symlink\n   restore    Restore working tree files\n   rm         Remove files from the working tree and from the index\n\nexamine the history and state (see also: git help revisions)\n   bisect     Use binary search to find the commit that introduced a bug\n   diff       Show changes between commits, commit and working tree, etc\n   grep       Print lines matching a pattern\n   log        Show commit logs\n   show       Show various types of objects\n   status     Show the working tree status\n\ngrow, mark and tweak your common history\n   backfill   Download missing objects in a partial clone\n   branch     List, create, or delete branches\n   commit     Record changes to the repository\n   merge      Join two or more development histories together\n   rebase     Reapply commits on top of another base tip\n   reset      Reset current HEAD to the specified state\n   switch     Switch branches\n   tag        Create, list, delete or verify a tag object signed with GPG\n\ncollaborate (see also: git help workflows)\n   fetch      Download objects and refs from another repository\n   pull       Fetch from and integrate with another repository or a local branch\n   push       Update remote refs along with associated objects\n\n'git help -a' and 'git help -g' list available subcommands and some\nconcept guides. See 'git help <command>' or 'git help <concept>'\nto read about a specific subcommand or concept.\nSee 'git help git' for an overview of the system.\n""
[0m14:26:43.776781 [debug] [MainThread]: STDERR: "b''"
[0m14:26:43.776781 [info ] [MainThread]:  - git [[32mOK found[0m]

[0m14:26:43.776781 [info ] [MainThread]: Connection:
[0m14:26:43.779868 [info ] [MainThread]:   account: TBHTSYV-HU69987
[0m14:26:43.780877 [info ] [MainThread]:   user: Ishika g
[0m14:26:43.780877 [info ] [MainThread]:   database: DATAENGPROJ
[0m14:26:43.780877 [info ] [MainThread]:   warehouse: COMPUTE_WH
[0m14:26:43.783235 [info ] [MainThread]:   role: ACCOUNTADMIN
[0m14:26:43.783235 [info ] [MainThread]:   schema: dbt_schema
[0m14:26:43.784934 [info ] [MainThread]:   authenticator: None
[0m14:26:43.784934 [info ] [MainThread]:   oauth_client_id: None
[0m14:26:43.784934 [info ] [MainThread]:   query_tag: None
[0m14:26:43.788358 [info ] [MainThread]:   client_session_keep_alive: False
[0m14:26:43.789427 [info ] [MainThread]:   host: None
[0m14:26:43.789427 [info ] [MainThread]:   port: None
[0m14:26:43.789427 [info ] [MainThread]:   proxy_host: None
[0m14:26:43.789427 [info ] [MainThread]:   proxy_port: None
[0m14:26:43.789427 [info ] [MainThread]:   protocol: None
[0m14:26:43.793137 [info ] [MainThread]:   connect_retries: 1
[0m14:26:43.797163 [info ] [MainThread]:   connect_timeout: None
[0m14:26:43.799017 [info ] [MainThread]:   retry_on_database_errors: False
[0m14:26:43.800137 [info ] [MainThread]:   retry_all: False
[0m14:26:43.802147 [info ] [MainThread]:   insecure_mode: False
[0m14:26:43.804158 [info ] [MainThread]:   reuse_connections: True
[0m14:26:43.804158 [info ] [MainThread]:   s3_stage_vpce_dns_name: None
[0m14:26:43.806195 [info ] [MainThread]:   platform_detection_timeout_seconds: 0.0
[0m14:26:43.807209 [info ] [MainThread]: Registered adapter: snowflake=1.11.0
[0m14:26:44.547522 [debug] [MainThread]: Acquiring new snowflake connection 'debug'
[0m14:26:51.382378 [debug] [MainThread]: Using snowflake connection "debug"
[0m14:26:51.385909 [debug] [MainThread]: On debug: select 1 as id
[0m14:26:51.385909 [debug] [MainThread]: Opening a new connection, currently in state init
[0m14:26:53.981506 [debug] [MainThread]: Snowflake adapter: Error running SQL: select 1 as id
[0m14:26:53.985075 [debug] [MainThread]: Snowflake adapter: Rolling back transaction.
[0m14:26:53.987099 [info ] [MainThread]:   Connection test: [[31mERROR[0m]

[0m14:26:53.989120 [info ] [MainThread]: [31m2 checks failed:[0m
[0m14:26:53.991139 [info ] [MainThread]: Project loading failed for the following reason:
 project path <C:\Users\deend\Desktop\projects\AWS\dbt_project.yml> not found

[0m14:26:53.996130 [info ] [MainThread]: dbt was unable to connect to the specified database.
The database returned the following error:

  >Database Error
  250001 (08001): Failed to connect to DB: TBHTSYV-HU69987.snowflakecomputing.com:443. Incorrect username or password was specified.

Check your database credentials and try again. For more information, visit:
https://docs.getdbt.com/docs/configure-your-profile


[0m14:26:54.008127 [debug] [MainThread]: Command `dbt debug` failed at 14:26:54.006096 after 11.43 seconds
[0m14:26:54.012960 [debug] [MainThread]: Connection 'debug' was left open.
[0m14:26:54.025693 [debug] [MainThread]: On debug: No close available on handle
[0m14:26:54.027720 [debug] [MainThread]: Flushing usage events
